c:\users\lored\source\repos\buttonbar\buttonbar\x64\release\vc143.pdb
c:\users\lored\source\repos\buttonbar\buttonbar\x64\release\hmd_driver_factory.obj
c:\users\lored\source\repos\buttonbar\buttonbar\x64\release\driverlog.obj
c:\users\lored\source\repos\buttonbar\buttonbar\x64\release\device_provider.obj
c:\users\lored\source\repos\buttonbar\buttonbar\x64\release\controller_device_driver.obj
c:\users\lored\source\repos\buttonbar\buttonbar\x64\release\bb_controller.obj
c:\users\lored\source\repos\buttonbar\x64\release\buttonbar.lib
c:\users\lored\source\repos\buttonbar\x64\release\buttonbar.exp
c:\users\lored\source\repos\buttonbar\x64\release\driver_buttonbar.lib
c:\users\lored\source\repos\buttonbar\x64\release\driver_buttonbar.exp
c:\users\lored\source\repos\buttonbar\x64\release\driver_buttonbar.dll
c:\users\lored\source\repos\buttonbar\buttonbar\x64\release\driver_buttonbar.ipdb
c:\users\lored\source\repos\buttonbar\x64\release\driver_buttonbar.pdb
c:\users\lored\source\repos\buttonbar\buttonbar\x64\release\driver_buttonbar.iobj
c:\users\lored\source\repos\buttonbar\buttonbar\x64\release\buttonbar.ipdb
c:\users\lored\source\repos\buttonbar\buttonbar\x64\release\buttonbar.iobj
c:\users\lored\source\repos\buttonbar\buttonbar\x64\release\buttonbar.tlog\cl.command.1.tlog
c:\users\lored\source\repos\buttonbar\buttonbar\x64\release\buttonbar.tlog\cl.read.1.tlog
c:\users\lored\source\repos\buttonbar\buttonbar\x64\release\buttonbar.tlog\cl.write.1.tlog
c:\users\lored\source\repos\buttonbar\buttonbar\x64\release\buttonbar.tlog\link.command.1.tlog
c:\users\lored\source\repos\buttonbar\buttonbar\x64\release\buttonbar.tlog\link.read.1.tlog
c:\users\lored\source\repos\buttonbar\buttonbar\x64\release\buttonbar.tlog\link.write.1.tlog
c:\users\lored\source\repos\buttonbar\buttonbar\x64\release\buttonbar.tlog\link.write.2u.tlog
